0 info it worked if it ends with ok
1 verbose cli [ '/usr/bin/node', '/usr/bin/npm', 'install' ]
2 info using npm@1.4.28
3 info using node@v0.10.35
4 verbose node symlink /usr/bin/node
5 warn package.json chatserver@0.0.0 No description
6 warn package.json chatserver@0.0.0 No repository field.
7 warn package.json chatserver@0.0.0 No README data
8 verbose readDependencies using package.json deps
9 verbose install where, deps [ '/home/tunte/WebProekti/p4p/public/chatserver',
9 verbose install   [ 'socket.io', 'mysql', 'q' ] ]
10 info preinstall chatserver@0.0.0
11 verbose readDependencies using package.json deps
12 verbose cache add [ 'socket.io@^1.2.0', null ]
13 verbose cache add name=undefined spec="socket.io@^1.2.0" args=["socket.io@^1.2.0",null]
14 verbose parsed url { protocol: null,
14 verbose parsed url   slashes: null,
14 verbose parsed url   auth: null,
14 verbose parsed url   host: null,
14 verbose parsed url   port: null,
14 verbose parsed url   hostname: null,
14 verbose parsed url   hash: null,
14 verbose parsed url   search: null,
14 verbose parsed url   query: null,
14 verbose parsed url   pathname: 'socket.io@^1.2.0',
14 verbose parsed url   path: 'socket.io@^1.2.0',
14 verbose parsed url   href: 'socket.io@^1.2.0' }
15 verbose cache add [ 'mysql@^2.5.3', null ]
16 verbose cache add name=undefined spec="mysql@^2.5.3" args=["mysql@^2.5.3",null]
17 verbose parsed url { protocol: null,
17 verbose parsed url   slashes: null,
17 verbose parsed url   auth: null,
17 verbose parsed url   host: null,
17 verbose parsed url   port: null,
17 verbose parsed url   hostname: null,
17 verbose parsed url   hash: null,
17 verbose parsed url   search: null,
17 verbose parsed url   query: null,
17 verbose parsed url   pathname: 'mysql@^2.5.3',
17 verbose parsed url   path: 'mysql@^2.5.3',
17 verbose parsed url   href: 'mysql@^2.5.3' }
18 verbose cache add [ 'q@^1.1.1', null ]
19 verbose cache add name=undefined spec="q@^1.1.1" args=["q@^1.1.1",null]
20 verbose parsed url { protocol: null,
20 verbose parsed url   slashes: null,
20 verbose parsed url   auth: null,
20 verbose parsed url   host: null,
20 verbose parsed url   port: null,
20 verbose parsed url   hostname: null,
20 verbose parsed url   hash: null,
20 verbose parsed url   search: null,
20 verbose parsed url   query: null,
20 verbose parsed url   pathname: 'q@^1.1.1',
20 verbose parsed url   path: 'q@^1.1.1',
20 verbose parsed url   href: 'q@^1.1.1' }
21 verbose cache add name="socket.io" spec="^1.2.0" args=["socket.io","^1.2.0"]
22 verbose parsed url { protocol: null,
22 verbose parsed url   slashes: null,
22 verbose parsed url   auth: null,
22 verbose parsed url   host: null,
22 verbose parsed url   port: null,
22 verbose parsed url   hostname: null,
22 verbose parsed url   hash: null,
22 verbose parsed url   search: null,
22 verbose parsed url   query: null,
22 verbose parsed url   pathname: '^1.2.0',
22 verbose parsed url   path: '^1.2.0',
22 verbose parsed url   href: '^1.2.0' }
23 verbose addNamed [ 'socket.io', '^1.2.0' ]
24 verbose addNamed [ null, '>=1.2.0-0 <2.0.0-0' ]
25 verbose cache add name="mysql" spec="^2.5.3" args=["mysql","^2.5.3"]
26 verbose parsed url { protocol: null,
26 verbose parsed url   slashes: null,
26 verbose parsed url   auth: null,
26 verbose parsed url   host: null,
26 verbose parsed url   port: null,
26 verbose parsed url   hostname: null,
26 verbose parsed url   hash: null,
26 verbose parsed url   search: null,
26 verbose parsed url   query: null,
26 verbose parsed url   pathname: '^2.5.3',
26 verbose parsed url   path: '^2.5.3',
26 verbose parsed url   href: '^2.5.3' }
27 verbose addNamed [ 'mysql', '^2.5.3' ]
28 verbose addNamed [ null, '>=2.5.3-0 <3.0.0-0' ]
29 verbose cache add name="q" spec="^1.1.1" args=["q","^1.1.1"]
30 verbose parsed url { protocol: null,
30 verbose parsed url   slashes: null,
30 verbose parsed url   auth: null,
30 verbose parsed url   host: null,
30 verbose parsed url   port: null,
30 verbose parsed url   hostname: null,
30 verbose parsed url   hash: null,
30 verbose parsed url   search: null,
30 verbose parsed url   query: null,
30 verbose parsed url   pathname: '^1.1.1',
30 verbose parsed url   path: '^1.1.1',
30 verbose parsed url   href: '^1.1.1' }
31 verbose addNamed [ 'q', '^1.1.1' ]
32 verbose addNamed [ null, '>=1.1.1-0 <2.0.0-0' ]
33 silly lockFile 090c3c80-socket-io-1-2-0 socket.io@^1.2.0
34 verbose lock socket.io@^1.2.0 /home/tunte/.npm/090c3c80-socket-io-1-2-0.lock
35 silly lockFile c2beda55-mysql-2-5-3 mysql@^2.5.3
36 verbose lock mysql@^2.5.3 /home/tunte/.npm/c2beda55-mysql-2-5-3.lock
37 silly lockFile 4b0b7c22-q-1-1-1 q@^1.1.1
38 verbose lock q@^1.1.1 /home/tunte/.npm/4b0b7c22-q-1-1-1.lock
39 silly addNameRange { name: 'socket.io',
39 silly addNameRange   range: '>=1.2.0-0 <2.0.0-0',
39 silly addNameRange   hasData: false }
40 silly addNameRange { name: 'mysql', range: '>=2.5.3-0 <3.0.0-0', hasData: false }
41 silly addNameRange { name: 'q', range: '>=1.1.1-0 <2.0.0-0', hasData: false }
42 verbose request where is /socket.io
43 verbose request registry https://registry.npmjs.org/
44 verbose request id eea2497092df0d1d
45 verbose url raw /socket.io
46 verbose url resolving [ 'https://registry.npmjs.org/', './socket.io' ]
47 verbose url resolved https://registry.npmjs.org/socket.io
48 verbose request where is https://registry.npmjs.org/socket.io
49 info trying registry request attempt 1 at 11:13:55
50 http GET https://registry.npmjs.org/socket.io
51 verbose request where is /mysql
52 verbose request registry https://registry.npmjs.org/
53 verbose url raw /mysql
54 verbose url resolving [ 'https://registry.npmjs.org/', './mysql' ]
55 verbose url resolved https://registry.npmjs.org/mysql
56 verbose request where is https://registry.npmjs.org/mysql
57 info trying registry request attempt 1 at 11:13:55
58 http GET https://registry.npmjs.org/mysql
59 verbose request where is /q
60 verbose request registry https://registry.npmjs.org/
61 verbose url raw /q
62 verbose url resolving [ 'https://registry.npmjs.org/', './q' ]
63 verbose url resolved https://registry.npmjs.org/q
64 verbose request where is https://registry.npmjs.org/q
65 info trying registry request attempt 1 at 11:13:55
66 verbose etag "E5OUNCSN2SEMHLX8BRGR3VJGM"
67 http GET https://registry.npmjs.org/q
68 http 304 https://registry.npmjs.org/q
69 silly registry.get cb [ 304,
69 silly registry.get   { date: 'Fri, 26 Dec 2014 10:14:23 GMT',
69 silly registry.get     server: 'Apache',
69 silly registry.get     via: '1.1 varnish',
69 silly registry.get     'last-modified': 'Fri, 26 Dec 2014 10:14:23 GMT',
69 silly registry.get     'cache-control': 'max-age=60',
69 silly registry.get     etag: '"E5OUNCSN2SEMHLX8BRGR3VJGM"',
69 silly registry.get     age: '2',
69 silly registry.get     'x-served-by': 'cache-fra1232-FRA',
69 silly registry.get     'x-cache': 'HIT',
69 silly registry.get     'x-cache-hits': '1',
69 silly registry.get     'x-timer': 'S1419588863.727732,VS0,VE0',
69 silly registry.get     vary: 'Accept',
69 silly registry.get     'content-length': '0',
69 silly registry.get     'keep-alive': 'timeout=10, max=50',
69 silly registry.get     connection: 'Keep-Alive' } ]
70 verbose etag https://registry.npmjs.org/q from cache
71 silly addNameRange number 2 { name: 'q', range: '>=1.1.1-0 <2.0.0-0', hasData: true }
72 silly addNameRange versions [ 'q',
72 silly addNameRange   [ '0.0.0',
72 silly addNameRange     '0.0.1',
72 silly addNameRange     '0.0.2',
72 silly addNameRange     '0.0.3',
72 silly addNameRange     '0.1.0',
72 silly addNameRange     '0.1.1',
72 silly addNameRange     '0.1.2',
72 silly addNameRange     '0.1.3',
72 silly addNameRange     '0.1.4',
72 silly addNameRange     '0.1.5',
72 silly addNameRange     '0.1.6',
72 silly addNameRange     '0.1.7',
72 silly addNameRange     '0.1.8',
72 silly addNameRange     '0.1.9',
72 silly addNameRange     '0.2.0-rc1',
72 silly addNameRange     '0.2.0',
72 silly addNameRange     '0.2.1',
72 silly addNameRange     '0.2.2',
72 silly addNameRange     '0.2.3',
72 silly addNameRange     '0.2.4',
72 silly addNameRange     '0.2.5',
72 silly addNameRange     '0.2.6',
72 silly addNameRange     '0.2.7',
72 silly addNameRange     '0.2.8',
72 silly addNameRange     '0.2.9',
72 silly addNameRange     '0.3.0',
72 silly addNameRange     '0.2.10',
72 silly addNameRange     '0.4.0',
72 silly addNameRange     '0.4.1',
72 silly addNameRange     '0.4.2',
72 silly addNameRange     '0.4.4',
72 silly addNameRange     '0.5.0',
72 silly addNameRange     '0.5.1',
72 silly addNameRange     '0.5.2',
72 silly addNameRange     '0.5.3',
72 silly addNameRange     '0.6.0',
72 silly addNameRange     '0.7.0',
72 silly addNameRange     '0.7.1',
72 silly addNameRange     '0.7.2',
72 silly addNameRange     '0.8.0',
72 silly addNameRange     '0.8.1',
72 silly addNameRange     '0.8.2',
72 silly addNameRange     '0.8.3',
72 silly addNameRange     '0.8.4',
72 silly addNameRange     '0.8.5',
72 silly addNameRange     '0.8.6',
72 silly addNameRange     '0.8.7',
72 silly addNameRange     '0.8.8',
72 silly addNameRange     '0.8.9',
72 silly addNameRange     '0.8.10',
72 silly addNameRange     '0.8.11',
72 silly addNameRange     '0.8.12',
72 silly addNameRange     '0.9.0',
72 silly addNameRange     '0.9.1',
72 silly addNameRange     '0.9.2',
72 silly addNameRange     '0.9.3',
72 silly addNameRange     '0.9.4',
72 silly addNameRange     '0.9.5',
72 silly addNameRange     '0.9.6',
72 silly addNameRange     '0.9.7',
72 silly addNameRange     '1.0.0',
72 silly addNameRange     '1.0.1',
72 silly addNameRange     '2.0.0',
72 silly addNameRange     '2.0.1',
72 silly addNameRange     '2.0.2',
72 silly addNameRange     '1.1.0',
72 silly addNameRange     '1.1.1',
72 silly addNameRange     '1.1.2' ] ]
73 verbose addNamed [ 'q', '1.1.2' ]
74 verbose addNamed [ '1.1.2', '1.1.2' ]
75 silly lockFile e953b1ec-q-1-1-2 q@1.1.2
76 verbose lock q@1.1.2 /home/tunte/.npm/e953b1ec-q-1-1-2.lock
77 silly lockFile cf0717ec-registry-npmjs-org-q-q-1-1-2-tgz https://registry.npmjs.org/q/-/q-1.1.2.tgz
78 verbose lock https://registry.npmjs.org/q/-/q-1.1.2.tgz /home/tunte/.npm/cf0717ec-registry-npmjs-org-q-q-1-1-2-tgz.lock
79 verbose addRemoteTarball [ 'https://registry.npmjs.org/q/-/q-1.1.2.tgz',
79 verbose addRemoteTarball   '6357e291206701d99f197ab84e57e8ad196f2a89' ]
80 info retry fetch attempt 1 at 11:13:56
81 verbose fetch to= /tmp/npm-5480-LhYAZKqS/registry.npmjs.org/q/-/q-1.1.2.tgz
82 http GET https://registry.npmjs.org/q/-/q-1.1.2.tgz
83 http 200 https://registry.npmjs.org/mysql
84 silly registry.get cb [ 200,
84 silly registry.get   { date: 'Fri, 26 Dec 2014 10:14:23 GMT',
84 silly registry.get     server: 'CouchDB/1.5.0 (Erlang OTP/R16B03)',
84 silly registry.get     etag: '"EEZX1BXSMNU91SLXH9KO8CHBP"',
84 silly registry.get     'content-type': 'application/json',
84 silly registry.get     'cache-control': 'max-age=60',
84 silly registry.get     'content-length': '100312',
84 silly registry.get     'accept-ranges': 'bytes',
84 silly registry.get     via: '1.1 varnish',
84 silly registry.get     age: '59',
84 silly registry.get     'x-served-by': 'cache-fra1220-FRA',
84 silly registry.get     'x-cache': 'HIT',
84 silly registry.get     'x-cache-hits': '1',
84 silly registry.get     'x-timer': 'S1419588863.719369,VS0,VE0',
84 silly registry.get     vary: 'Accept',
84 silly registry.get     'keep-alive': 'timeout=10, max=50',
84 silly registry.get     connection: 'Keep-Alive' } ]
85 silly addNameRange number 2 { name: 'mysql', range: '>=2.5.3-0 <3.0.0-0', hasData: true }
86 silly addNameRange versions [ 'mysql',
86 silly addNameRange   [ '0.1.0',
86 silly addNameRange     '0.2.0',
86 silly addNameRange     '0.3.0',
86 silly addNameRange     '0.4.0',
86 silly addNameRange     '0.5.0',
86 silly addNameRange     '0.6.0',
86 silly addNameRange     '0.7.0',
86 silly addNameRange     '0.8.0',
86 silly addNameRange     '0.9.0',
86 silly addNameRange     '0.9.1',
86 silly addNameRange     '0.9.2',
86 silly addNameRange     '0.9.3',
86 silly addNameRange     '0.9.4',
86 silly addNameRange     '0.9.5',
86 silly addNameRange     '0.9.6',
86 silly addNameRange     '2.0.0-alpha',
86 silly addNameRange     '2.0.0-alpha2',
86 silly addNameRange     '2.0.0-alpha3',
86 silly addNameRange     '2.0.0-alpha4',
86 silly addNameRange     '2.0.0-alpha5',
86 silly addNameRange     '2.0.0-alpha6',
86 silly addNameRange     '2.0.0-alpha7',
86 silly addNameRange     '2.0.0-alpha8',
86 silly addNameRange     '2.0.0-alpha9',
86 silly addNameRange     '2.0.0-rc1',
86 silly addNameRange     '2.0.0-rc2',
86 silly addNameRange     '2.0.0',
86 silly addNameRange     '2.0.1',
86 silly addNameRange     '2.1.0',
86 silly addNameRange     '2.1.1',
86 silly addNameRange     '2.2.0',
86 silly addNameRange     '2.3.0',
86 silly addNameRange     '2.3.1',
86 silly addNameRange     '2.3.2',
86 silly addNameRange     '2.4.0',
86 silly addNameRange     '2.4.1',
86 silly addNameRange     '2.4.2',
86 silly addNameRange     '2.4.3',
86 silly addNameRange     '2.5.0',
86 silly addNameRange     '2.5.1',
86 silly addNameRange     '2.5.2',
86 silly addNameRange     '2.5.3',
86 silly addNameRange     '2.5.4' ] ]
87 verbose addNamed [ 'mysql', '2.5.4' ]
88 verbose addNamed [ '2.5.4', '2.5.4' ]
89 silly lockFile ab38f2ba-mysql-2-5-4 mysql@2.5.4
90 verbose lock mysql@2.5.4 /home/tunte/.npm/ab38f2ba-mysql-2-5-4.lock
91 silly lockFile fae2250b--npmjs-org-mysql-mysql-2-5-4-tgz https://registry.npmjs.org/mysql/-/mysql-2.5.4.tgz
92 verbose lock https://registry.npmjs.org/mysql/-/mysql-2.5.4.tgz /home/tunte/.npm/fae2250b--npmjs-org-mysql-mysql-2-5-4-tgz.lock
93 verbose addRemoteTarball [ 'https://registry.npmjs.org/mysql/-/mysql-2.5.4.tgz',
93 verbose addRemoteTarball   '9f5675fdba3f18a08275d01107b68b56038c6c99' ]
94 info retry fetch attempt 1 at 11:13:56
95 verbose fetch to= /tmp/npm-5480-LhYAZKqS/registry.npmjs.org/mysql/-/mysql-2.5.4.tgz
96 http GET https://registry.npmjs.org/mysql/-/mysql-2.5.4.tgz
97 http 200 https://registry.npmjs.org/q/-/q-1.1.2.tgz
98 http 200 https://registry.npmjs.org/socket.io
99 silly registry.get cb [ 200,
99 silly registry.get   { date: 'Fri, 26 Dec 2014 10:14:23 GMT',
99 silly registry.get     server: 'CouchDB/1.5.0 (Erlang OTP/R16B03)',
99 silly registry.get     etag: '"3E4KFF3BGDOAN7VQAHG60MQ73"',
99 silly registry.get     'content-type': 'application/json',
99 silly registry.get     'cache-control': 'max-age=60',
99 silly registry.get     'content-length': '103140',
99 silly registry.get     'accept-ranges': 'bytes',
99 silly registry.get     via: '1.1 varnish',
99 silly registry.get     age: '0',
99 silly registry.get     'x-served-by': 'cache-fra1224-FRA',
99 silly registry.get     'x-cache': 'HIT',
99 silly registry.get     'x-cache-hits': '1',
99 silly registry.get     'x-timer': 'S1419588863.755057,VS0,VE100',
99 silly registry.get     vary: 'Accept',
99 silly registry.get     'keep-alive': 'timeout=10, max=50',
99 silly registry.get     connection: 'Keep-Alive' } ]
100 silly lockFile cf0717ec-registry-npmjs-org-q-q-1-1-2-tgz https://registry.npmjs.org/q/-/q-1.1.2.tgz
101 silly lockFile cf0717ec-registry-npmjs-org-q-q-1-1-2-tgz https://registry.npmjs.org/q/-/q-1.1.2.tgz
102 silly addNameRange number 2 { name: 'socket.io', range: '>=1.2.0-0 <2.0.0-0', hasData: true }
103 silly addNameRange versions [ 'socket.io',
103 silly addNameRange   [ '0.3.8',
103 silly addNameRange     '0.4.0',
103 silly addNameRange     '0.4.1',
103 silly addNameRange     '0.5.1',
103 silly addNameRange     '0.5.3',
103 silly addNameRange     '0.6.0',
103 silly addNameRange     '0.6.1',
103 silly addNameRange     '0.6.3',
103 silly addNameRange     '0.6.4',
103 silly addNameRange     '0.6.5',
103 silly addNameRange     '0.6.6',
103 silly addNameRange     '0.6.7',
103 silly addNameRange     '0.6.8',
103 silly addNameRange     '0.6.9',
103 silly addNameRange     '0.6.10',
103 silly addNameRange     '0.6.11',
103 silly addNameRange     '0.6.12',
103 silly addNameRange     '0.6.14',
103 silly addNameRange     '0.6.15',
103 silly addNameRange     '0.6.16',
103 silly addNameRange     '0.6.17',
103 silly addNameRange     '0.6.18',
103 silly addNameRange     '0.7.0',
103 silly addNameRange     '0.7.1',
103 silly addNameRange     '0.7.2',
103 silly addNameRange     '0.7.3',
103 silly addNameRange     '0.7.4',
103 silly addNameRange     '0.7.5',
103 silly addNameRange     '0.7.6',
103 silly addNameRange     '0.7.7',
103 silly addNameRange     '0.7.8',
103 silly addNameRange     '0.7.9',
103 silly addNameRange     '0.7.10',
103 silly addNameRange     '0.7.11',
103 silly addNameRange     '0.8.0',
103 silly addNameRange     '0.8.1',
103 silly addNameRange     '0.8.2',
103 silly addNameRange     '0.8.3',
103 silly addNameRange     '0.8.4',
103 silly addNameRange     '0.8.5',
103 silly addNameRange     '0.8.6',
103 silly addNameRange     '0.8.7',
103 silly addNameRange     '0.9.0',
103 silly addNameRange     '0.9.1',
103 silly addNameRange     '0.9.1-1',
103 silly addNameRange     '0.9.2',
103 silly addNameRange     '0.9.3',
103 silly addNameRange     '0.9.4',
103 silly addNameRange     '0.9.5',
103 silly addNameRange     '0.9.6',
103 silly addNameRange     '0.9.7',
103 silly addNameRange     '0.9.8',
103 silly addNameRange     '0.9.9',
103 silly addNameRange     '0.9.10',
103 silly addNameRange     '0.9.11',
103 silly addNameRange     '0.9.12',
103 silly addNameRange     '0.9.13',
103 silly addNameRange     '0.9.14',
103 silly addNameRange     '0.9.15',
103 silly addNameRange     '0.9.16',
103 silly addNameRange     '1.0.0-pre',
103 silly addNameRange     '1.0.0-pre2',
103 silly addNameRange     '1.0.0-pre3',
103 silly addNameRange     '1.0.0-pre4',
103 silly addNameRange     '1.0.0-pre5',
103 silly addNameRange     '0.9.17',
103 silly addNameRange     '1.0.0',
103 silly addNameRange     '1.0.1',
103 silly addNameRange     '1.0.2',
103 silly addNameRange     '1.0.3',
103 silly addNameRange     '1.0.4',
103 silly addNameRange     '1.0.5',
103 silly addNameRange     '1.0.6',
103 silly addNameRange     '1.1.0',
103 silly addNameRange     '1.2.0',
103 silly addNameRange     '1.2.1' ] ]
104 verbose addNamed [ 'socket.io', '1.2.1' ]
105 verbose addNamed [ '1.2.1', '1.2.1' ]
106 silly lockFile 77e414a6-socket-io-1-2-1 socket.io@1.2.1
107 verbose lock socket.io@1.2.1 /home/tunte/.npm/77e414a6-socket-io-1-2-1.lock
108 silly lockFile e953b1ec-q-1-1-2 q@1.1.2
109 silly lockFile e953b1ec-q-1-1-2 q@1.1.2
110 silly lockFile 4b0b7c22-q-1-1-1 q@^1.1.1
111 silly lockFile 4b0b7c22-q-1-1-1 q@^1.1.1
112 silly lockFile 03c4f5da-rg-socket-io-socket-io-1-2-1-tgz https://registry.npmjs.org/socket.io/-/socket.io-1.2.1.tgz
113 verbose lock https://registry.npmjs.org/socket.io/-/socket.io-1.2.1.tgz /home/tunte/.npm/03c4f5da-rg-socket-io-socket-io-1-2-1-tgz.lock
114 verbose addRemoteTarball [ 'https://registry.npmjs.org/socket.io/-/socket.io-1.2.1.tgz',
114 verbose addRemoteTarball   '84400af534c0d32baa9ac88937eedb5b8465ee92' ]
115 info retry fetch attempt 1 at 11:13:56
116 verbose fetch to= /tmp/npm-5480-LhYAZKqS/registry.npmjs.org/socket.io/-/socket.io-1.2.1.tgz
117 http GET https://registry.npmjs.org/socket.io/-/socket.io-1.2.1.tgz
118 http 200 https://registry.npmjs.org/mysql/-/mysql-2.5.4.tgz
119 silly lockFile fae2250b--npmjs-org-mysql-mysql-2-5-4-tgz https://registry.npmjs.org/mysql/-/mysql-2.5.4.tgz
120 silly lockFile fae2250b--npmjs-org-mysql-mysql-2-5-4-tgz https://registry.npmjs.org/mysql/-/mysql-2.5.4.tgz
121 silly lockFile ab38f2ba-mysql-2-5-4 mysql@2.5.4
122 silly lockFile ab38f2ba-mysql-2-5-4 mysql@2.5.4
123 silly lockFile c2beda55-mysql-2-5-3 mysql@^2.5.3
124 silly lockFile c2beda55-mysql-2-5-3 mysql@^2.5.3
125 http 200 https://registry.npmjs.org/socket.io/-/socket.io-1.2.1.tgz
126 silly lockFile 03c4f5da-rg-socket-io-socket-io-1-2-1-tgz https://registry.npmjs.org/socket.io/-/socket.io-1.2.1.tgz
127 silly lockFile 03c4f5da-rg-socket-io-socket-io-1-2-1-tgz https://registry.npmjs.org/socket.io/-/socket.io-1.2.1.tgz
128 silly lockFile 77e414a6-socket-io-1-2-1 socket.io@1.2.1
129 silly lockFile 77e414a6-socket-io-1-2-1 socket.io@1.2.1
130 silly lockFile 090c3c80-socket-io-1-2-0 socket.io@^1.2.0
131 silly lockFile 090c3c80-socket-io-1-2-0 socket.io@^1.2.0
132 error Error: EACCES, mkdir '/home/tunte/.npm/q/1.1.2'
132 error  { [Error: EACCES, mkdir '/home/tunte/.npm/q/1.1.2']
132 error   errno: 3,
132 error   code: 'EACCES',
132 error   path: '/home/tunte/.npm/q/1.1.2',
132 error   parent: 'chatserver' }
133 error Please try running this command again as root/Administrator.
134 error System Linux 3.13.0-24-generic
135 error command "/usr/bin/node" "/usr/bin/npm" "install"
136 error cwd /home/tunte/WebProekti/p4p/public/chatserver
137 error node -v v0.10.35
138 error npm -v 1.4.28
139 error path /home/tunte/.npm/q/1.1.2
140 error code EACCES
141 error errno 3
142 error stack Error: EACCES, mkdir '/home/tunte/.npm/q/1.1.2'
143 verbose exit [ 3, true ]
